<?xml version="1.0" encoding="UTF-8"?>
<!-- Generated by org.testng.reporters.JUnitReportReporter -->
<testsuite skipped="0" hostname="LAPTOP-NES65AAG" name="com.priya.SeleniumDemo.UserManagementTC_002" tests="1" failures="0" timestamp="14 Jun 2020 11:30:34 GMT" time="25.020" errors="0">
  <testcase name="verifyAddUser" time="25.020" classname="com.priya.SeleniumDemo.UserManagementTC_002"/>
</testsuite> <!-- com.priya.SeleniumDemo.UserManagementTC_002 -->
