<?xml version="1.0" encoding="UTF-8"?>
<!-- Generated by org.testng.reporters.JUnitReportReporter -->
<testsuite skipped="0" hostname="LAPTOP-NES65AAG" name="com.priya.SeleniumDemo.UserManagementTC_002" tests="2" failures="0" timestamp="14 Jun 2020 13:02:02 GMT" time="63.319" errors="0">
  <testcase name="verifyAddUser" time="38.410" classname="com.priya.SeleniumDemo.UserManagementTC_002"/>
  <testcase name="verifyDeleteUser" time="24.909" classname="com.priya.SeleniumDemo.UserManagementTC_002"/>
</testsuite> <!-- com.priya.SeleniumDemo.UserManagementTC_002 -->
