<?xml version="1.0" encoding="UTF-8"?>
<!-- Generated by org.testng.reporters.JUnitReportReporter -->
<testsuite skipped="0" hostname="LAPTOP-NES65AAG" name="com.priya.SeleniumDemo.LoginTC_001" tests="2" failures="0" timestamp="14 Jun 2020 13:02:02 GMT" time="26.726" errors="0">
  <testcase name="verifyTitile" time="11.554" classname="com.priya.SeleniumDemo.LoginTC_001"/>
  <testcase name="verifyLogin" time="15.172" classname="com.priya.SeleniumDemo.LoginTC_001"/>
</testsuite> <!-- com.priya.SeleniumDemo.LoginTC_001 -->
