<?xml version="1.0" encoding="UTF-8"?>
<!-- Generated by org.testng.reporters.JUnitReportReporter -->
<testsuite skipped="0" hostname="LAPTOP-NES65AAG" name="com.priya.SeleniumDemo.LoginTC_001" tests="2" failures="0" timestamp="13 Jun 2020 09:28:47 GMT" time="39.267" errors="0">
  <testcase name="verifyTitile" time="11.025" classname="com.priya.SeleniumDemo.LoginTC_001"/>
  <testcase name="verifyLogin" time="28.242" classname="com.priya.SeleniumDemo.LoginTC_001"/>
</testsuite> <!-- com.priya.SeleniumDemo.LoginTC_001 -->
