<?xml version="1.0" encoding="UTF-8"?>
<!-- Generated by org.testng.reporters.JUnitReportReporter -->
<testsuite skipped="0" hostname="LAPTOP-NES65AAG" name="com.priya.SeleniumDemo.LoginTC_001" tests="2" failures="0" timestamp="14 Jun 2020 11:30:34 GMT" time="27.949" errors="0">
  <testcase name="verifyTitile" time="8.268" classname="com.priya.SeleniumDemo.LoginTC_001"/>
  <testcase name="verifyLogin" time="19.681" classname="com.priya.SeleniumDemo.LoginTC_001"/>
</testsuite> <!-- com.priya.SeleniumDemo.LoginTC_001 -->
